<?xml version="1.0" encoding="UTF-8"?>
<robot generator="Robot 6.1.1 (Python 3.11.4 on linux)" generated="20230817 03:13:05.173" rpa="false" schemaversion="4">
<suite id="s1" name="Hello" source="/app/hello.robot">
<test id="s1-t1" name="Hello with UI Test" line="7">
<kw name="Try to open in browser">
<arg>http://128.199.99.121:9999</arg>
<arg>chrome</arg>
<kw name="Open Browser" library="SeleniumLibrary">
<arg>${target_url}</arg>
<arg>${browser_type}</arg>
<arg>remote_url=http://188.166.239.114:4444</arg>
<doc>Opens a new browser instance to the optional ``url``.</doc>
<msg timestamp="20230817 03:13:05.280" level="INFO">Opening browser 'chrome' to base url 'http://128.199.99.121:9999' through remote server at 'http://188.166.239.114:4444'.</msg>
<status status="PASS" starttime="20230817 03:13:05.279" endtime="20230817 03:13:06.864"/>
</kw>
<kw name="Maximize Browser Window" library="SeleniumLibrary">
<doc>Maximizes current browser window.</doc>
<status status="PASS" starttime="20230817 03:13:06.864" endtime="20230817 03:13:07.022"/>
</kw>
<status status="PASS" starttime="20230817 03:13:05.279" endtime="20230817 03:13:07.022"/>
</kw>
<kw name="Check hello message">
<kw name="Wait Until Element Contains" library="SeleniumLibrary">
<arg>id:hello_message</arg>
<arg>Hello, from spring boot 2023</arg>
<doc>Waits until the element ``locator`` contains ``text``.</doc>
<status status="PASS" starttime="20230817 03:13:07.022" endtime="20230817 03:13:07.166"/>
</kw>
<status status="PASS" starttime="20230817 03:13:07.022" endtime="20230817 03:13:07.166"/>
</kw>
<kw name="Close All Browsers" library="SeleniumLibrary" type="TEARDOWN">
<doc>Closes all open browsers and resets the browser cache.</doc>
<status status="PASS" starttime="20230817 03:13:07.167" endtime="20230817 03:13:07.353"/>
</kw>
<status status="PASS" starttime="20230817 03:13:05.278" endtime="20230817 03:13:07.353"/>
</test>
<status status="PASS" starttime="20230817 03:13:05.178" endtime="20230817 03:13:07.354"/>
</suite>
<statistics>
<total>
<stat pass="1" fail="0" skip="0">All Tests</stat>
</total>
<tag>
</tag>
<suite>
<stat pass="1" fail="0" skip="0" id="s1" name="Hello">Hello</stat>
</suite>
</statistics>
<errors>
</errors>
</robot>
